<?xml version="1.0" encoding="UTF-8"?>
<!-- Generated by org.testng.reporters.JUnitXMLReporter -->
<testsuite hostname="DESKTOP-727A0UM" ignored="0" name="Regression suite 1" tests="2" failures="0" timestamp="11 Dec 2018 16:50:18 GMT" time="0.466" errors="0">
  <testcase name="@BeforeMethod setUp" time="0.272" classname="com.tamplo.qa.test.HomePageTest">
    <failure type="java.lang.IllegalStateException" message="The driver executable does not exist: C:\Users\Admin\eclipse-workspace\Tamplo5\drivers\chromedriver.exe">
      <![CDATA[java.lang.IllegalStateException: The driver executable does not exist: C:\Users\Admin\eclipse-workspace\Tamplo5\drivers\chromedriver.exe
	at com.google.common.base.Preconditions.checkState(Preconditions.java:585)
	at org.openqa.selenium.remote.service.DriverService.checkExecutable(DriverService.java:136)
	at org.openqa.selenium.remote.service.DriverService.findExecutable(DriverService.java:131)
	at org.openqa.selenium.chrome.ChromeDriverService.access$000(ChromeDriverService.java:32)
	at org.openqa.selenium.chrome.ChromeDriverService$Builder.findDefaultExecutable(ChromeDriverService.java:137)
	at org.openqa.selenium.remote.service.DriverService$Builder.build(DriverService.java:339)
	at org.openqa.selenium.chrome.ChromeDriverService.createDefaultService(ChromeDriverService.java:88)
	at org.openqa.selenium.chrome.ChromeDriver.<init>(ChromeDriver.java:123)
	at com.tamplo.qa.testbase.TestBase.initialization(TestBase.java:55)
	at com.tamplo.qa.test.HomePageTest.setUp(HomePageTest.java:30)
... Removed 27 stack frames]]>
    </failure>
  </testcase> <!-- @BeforeMethod setUp -->
  <testcase name="loginTestone" time="0.0" classname="com.tamplo.qa.test.LoginTest">
    <skipped/>
  </testcase> <!-- loginTestone -->
  <testcase name="Test" time="0.001" classname="com.tamplo.qa.test.HomePageTest">
    <skipped/>
  </testcase> <!-- Test -->
</testsuite> <!-- Regression suite 1 -->
